<?xml version="1.0" encoding="UTF-8" ?>
<testsuite tests="90" failures="4" name="Runner.TestRunner" time="13.825" errors="2" skipped="0">
  <properties>
[...]
</properties>
  <testcase classname="| Melbourne001 | 2012-12-12 | 2013-12-12 | RCA |" name="Given I load the home page" time="0.033"/>
  <testcase classname="| Melbourne001 | 2012-12-12 | 2013-12-12 | RCA |" name="And I note down the computer count" time="0"/>
  <testcase classname="| Melbourne001 | 2012-12-12 | 2013-12-12 | RCA |" name="And I click the create computer button" time="0"/>
  <testcase classname="| Melbourne001 | 2012-12-12 | 2013-12-12 | RCA |" name="And I enter the computer details Melbourne001,2012-12-12,2013-12-12,RCA" time="0"/>
  <testcase classname="| Melbourne001 | 2012-12-12 | 2013-12-12 | RCA |" name="And I click the create this computer button" time="0"/>
  <testcase classname="| Melbourne001 | 2012-12-12 | 2013-12-12 | RCA |" name="Then I verify success message for Melbourne001 is displayed" time="0"/>
  <testcase classname="| Melbourne001 | 2012-12-12 | 2013-12-12 | RCA |" name="| Melbourne001 | 2012-12-12 | 2013-12-12 | RCA |" time="1.535"/>
  <testcase classname="| Melbourne002 | 2012-12-12 | 2013-12-12 | RCA |" name="Given I load the home page" time="0"/>
  <testcase classname="| Melbourne002 | 2012-12-12 | 2013-12-12 | RCA |" name="And I note down the computer count" time="0"/>
  <testcase classname="| Melbourne002 | 2012-12-12 | 2013-12-12 | RCA |" name="And I click the create computer button" time="0"/>
  <testcase classname="| Melbourne002 | 2012-12-12 | 2013-12-12 | RCA |" name="And I enter the computer details Melbourne002,2012-12-12,2013-12-12,RCA" time="0"/>
  <testcase classname="| Melbourne002 | 2012-12-12 | 2013-12-12 | RCA |" name="And I click the create this computer button" time="0"/>
  <testcase classname="| Melbourne002 | 2012-12-12 | 2013-12-12 | RCA |" name="Then I verify success message for Melbourne002 is displayed" time="0"/>
  <testcase classname="| Melbourne002 | 2012-12-12 | 2013-12-12 | RCA |" name="And The computer count is increased by one" time="0"/>
  <testcase classname="| Melbourne002 | 2012-12-12 | 2013-12-12 | RCA |" name="| Melbourne002 | 2012-12-12 | 2013-12-12 | RCA |" time="1.706"/>
  <testcase classname="| Melbourne003 | 2012-12-12 | 2013-12-12 | RCA |" name="Given I load the home page" time="0"/>
  <testcase classname="| Melbourne003 | 2012-12-12 | 2013-12-12 | RCA |" name="And I note down the computer count" time="0"/>
  <testcase classname="| Melbourne003 | 2012-12-12 | 2013-12-12 | RCA |" name="And I click the create computer button" time="0"/>
  <testcase classname="| Melbourne003 | 2012-12-12 | 2013-12-12 | RCA |" name="And I enter the computer details Melbourne003,2012-12-12,2013-12-12,RCA" time="0"/>
  <testcase classname="| Melbourne003 | 2012-12-12 | 2013-12-12 | RCA |" name="And I click the create this computer button" time="0"/>
  <testcase classname="| Melbourne003 | 2012-12-12 | 2013-12-12 | RCA |" name="Then I verify success message for Melbourne003 is displayed" time="0"/>
  <testcase classname="| Melbourne003 | 2012-12-12 | 2013-12-12 | RCA |" name="And I enter the Melbourne003 in the filter text box" time="0"/>
  <testcase classname="| Melbourne003 | 2012-12-12 | 2013-12-12 | RCA |" name="And I click the filter button" time="0"/>
  <testcase classname="| Melbourne003 | 2012-12-12 | 2013-12-12 | RCA |" name="Then I verify the result contains Melbourne003,2012-12-12,2013-12-12,RCA" time="0"/>
  <testcase classname="| Melbourne003 | 2012-12-12 | 2013-12-12 | RCA |" name="| Melbourne003 | 2012-12-12 | 2013-12-12 | RCA |" time="1.599"/>
  <testcase classname="| Melbourne004 |  |  |  |" name="Given I load the home page" time="0"/>
  <testcase classname="| Melbourne004 |  |  |  |" name="And I note down the computer count" time="0"/>
  <testcase classname="| Melbourne004 |  |  |  |" name="And I click the create computer button" time="0"/>
  <testcase classname="| Melbourne004 |  |  |  |" name="And I enter the computer details Melbourne004,,," time="0"/>
  <testcase classname="| Melbourne004 |  |  |  |" name="And I click the create this computer button" time="0"/>
  <testcase classname="| Melbourne004 |  |  |  |" name="Then I verify success message for Melbourne004 is displayed" time="0"/>
  <testcase classname="| Melbourne004 |  |  |  |" name="And I enter the Melbourne004 in the filter text box" time="0"/>
  <testcase classname="| Melbourne004 |  |  |  |" name="And I click the filter button" time="0"/>
  <testcase classname="| Melbourne004 |  |  |  |" name="Then I verify the result contains Melbourne004,,," time="0"/>
  <testcase classname="| Melbourne004 |  |  |  |" name="| Melbourne004 |  |  |  |" time="1.596"/>
  <testcase classname="|  | 2012-12-12 | 2013-12-12 | RCA |" name="Given I load the home page" time="0"/>
  <testcase classname="|  | 2012-12-12 | 2013-12-12 | RCA |" name="And I note down the computer count" time="0"/>
  <testcase classname="|  | 2012-12-12 | 2013-12-12 | RCA |" name="And I click the create computer button" time="0"/>
  <testcase classname="|  | 2012-12-12 | 2013-12-12 | RCA |" name="And I enter the computer details ,2012-12-12,2013-12-12,RCA" time="0"/>
  <testcase classname="|  | 2012-12-12 | 2013-12-12 | RCA |" name="And I click the create this computer button" time="0"/>
  <testcase classname="|  | 2012-12-12 | 2013-12-12 | RCA |" name="And I verify the computer name field is highlighted in red" time="0"/>
  <testcase classname="|  | 2012-12-12 | 2013-12-12 | RCA |" name="And I click the cancel button" time="0"/>
  <testcase classname="|  | 2012-12-12 | 2013-12-12 | RCA |" name="Then The computer count is not increased by one" time="0"/>
  <testcase classname="|  | 2012-12-12 | 2013-12-12 | RCA |" name="|  | 2012-12-12 | 2013-12-12 | RCA |" time="1.916"/>
  <testcase classname="| Melbourne006 | 2012-12-12 | 2013-12-12 | RCA |" name="Given I load the home page" time="0"/>
  <testcase classname="| Melbourne006 | 2012-12-12 | 2013-12-12 | RCA |" name="And I note down the computer count" time="0"/>
  <testcase classname="| Melbourne006 | 2012-12-12 | 2013-12-12 | RCA |" name="And I click the create computer button" time="0"/>
  <testcase classname="| Melbourne006 | 2012-12-12 | 2013-12-12 | RCA |" name="And I enter the computer details Melbourne006,2012-12-12,2013-12-12,RCA" time="0"/>
  <testcase classname="| Melbourne006 | 2012-12-12 | 2013-12-12 | RCA |" name="And I click the cancel button" time="0"/>
  <testcase classname="| Melbourne006 | 2012-12-12 | 2013-12-12 | RCA |" name="And I enter the Melbourne006 in the filter text box" time="0"/>
  <testcase classname="| Melbourne006 | 2012-12-12 | 2013-12-12 | RCA |" name="And I click the filter button" time="0"/>
  <testcase classname="| Melbourne006 | 2012-12-12 | 2013-12-12 | RCA |" name="Then The computer count is not increased by one" time="0.024">
    <error message="no such element: Unable to locate element: {&quot;method&quot;:&quot;xpath&quot;,&quot;selector&quot;:&quot;//h1[contains(text(),&apos;computers found&apos;)]&quot;}
  (Session info: chrome=71.0.3578.98)
  (Driver info: chromedriver=2.40.565498 (ea082db3280dd6843ebfb08a625e3eb905c4f5ab),platform=Windows NT 10.0.17134 x86_64) (WARNING: The server did not provide any stacktrace information)
Command duration or timeout: 0 milliseconds
For documentation on this error, please visit: http://seleniumhq.org/exceptions/no_such_element.html
Build info: version: &apos;3.11.0&apos;, revision: &apos;e59cfb3&apos;, time: &apos;2018-03-11T20:26:55.152Z&apos;
System info: host: &apos;HARISH&apos;, ip: &apos;192.168.1.6&apos;, os.name: &apos;Windows 10&apos;, os.arch: &apos;amd64&apos;, os.version: &apos;10.0&apos;, java.version: &apos;1.8.0_131&apos;
Driver info: org.openqa.selenium.chrome.ChromeDriver
Capabilities {acceptInsecureCerts: false, acceptSslCerts: false, applicationCacheEnabled: false, browserConnectionEnabled: false, browserName: chrome, chrome: {chromedriverVersion: 2.40.565498 (ea082db3280dd6..., userDataDir: C:\Users\Harish19\AppData\L...}, cssSelectorsEnabled: true, databaseEnabled: false, handlesAlerts: true, hasTouchScreen: false, javascriptEnabled: true, locationContextEnabled: true, mobileEmulationEnabled: false, nativeEvents: true, networkConnectionEnabled: false, pageLoadStrategy: normal, platform: XP, platformName: XP, rotatable: false, setWindowRect: true, takesHeapSnapshot: true, takesScreenshot: true, unexpectedAlertBehaviour: , unhandledPromptBehavior: , version: 71.0.3578.98, webStorageEnabled: true}
Session ID: 677f246234d8c94ee960107de718765d
*** Element info: {Using=xpath, value=//h1[contains(text(),&apos;computers found&apos;)]}" type="org.openqa.selenium.NoSuchElementException">org.openqa.selenium.NoSuchElementException: no such element: Unable to locate element: {&quot;method&quot;:&quot;xpath&quot;,&quot;selector&quot;:&quot;//h1[contains(text(),&apos;computers found&apos;)]&quot;}
  (Session info: chrome=71.0.3578.98)
  (Driver info: chromedriver=2.40.565498 (ea082db3280dd6843ebfb08a625e3eb905c4f5ab),platform=Windows NT 10.0.17134 x86_64) (WARNING: The server did not provide any stacktrace information)
Command duration or timeout: 0 milliseconds
For documentation on this error, please visit: http://seleniumhq.org/exceptions/no_such_element.html
Build info: version: &apos;3.11.0&apos;, revision: &apos;e59cfb3&apos;, time: &apos;2018-03-11T20:26:55.152Z&apos;
System info: host: &apos;HARISH&apos;, ip: &apos;192.168.1.6&apos;, os.name: &apos;Windows 10&apos;, os.arch: &apos;amd64&apos;, os.version: &apos;10.0&apos;, java.version: &apos;1.8.0_131&apos;
Driver info: org.openqa.selenium.chrome.ChromeDriver
Capabilities {acceptInsecureCerts: false, acceptSslCerts: false, applicationCacheEnabled: false, browserConnectionEnabled: false, browserName: chrome, chrome: {chromedriverVersion: 2.40.565498 (ea082db3280dd6..., userDataDir: C:\Users\Harish19\AppData\L...}, cssSelectorsEnabled: true, databaseEnabled: false, handlesAlerts: true, hasTouchScreen: false, javascriptEnabled: true, locationContextEnabled: true, mobileEmulationEnabled: false, nativeEvents: true, networkConnectionEnabled: false, pageLoadStrategy: normal, platform: XP, platformName: XP, rotatable: false, setWindowRect: true, takesHeapSnapshot: true, takesScreenshot: true, unexpectedAlertBehaviour: , unhandledPromptBehavior: , version: 71.0.3578.98, webStorageEnabled: true}
Session ID: 677f246234d8c94ee960107de718765d
*** Element info: {Using=xpath, value=//h1[contains(text(),&apos;computers found&apos;)]}
	at sun.reflect.NativeConstructorAccessorImpl.newInstance0(Native Method)
	at sun.reflect.NativeConstructorAccessorImpl.newInstance(NativeConstructorAccessorImpl.java:62)
	at sun.reflect.DelegatingConstructorAccessorImpl.newInstance(DelegatingConstructorAccessorImpl.java:45)
	at java.lang.reflect.Constructor.newInstance(Constructor.java:423)
	at org.openqa.selenium.remote.ErrorHandler.createThrowable(ErrorHandler.java:214)
	at org.openqa.selenium.remote.ErrorHandler.throwIfResponseFailed(ErrorHandler.java:166)
	at org.openqa.selenium.remote.http.JsonHttpResponseCodec.reconstructValue(JsonHttpResponseCodec.java:40)
	at org.openqa.selenium.remote.http.AbstractHttpResponseCodec.decode(AbstractHttpResponseCodec.java:80)
	at org.openqa.selenium.remote.http.AbstractHttpResponseCodec.decode(AbstractHttpResponseCodec.java:44)
	at org.openqa.selenium.remote.HttpCommandExecutor.execute(HttpCommandExecutor.java:158)
	at org.openqa.selenium.remote.service.DriverCommandExecutor.execute(DriverCommandExecutor.java:83)
	at org.openqa.selenium.remote.RemoteWebDriver.execute(RemoteWebDriver.java:545)
	at org.openqa.selenium.remote.RemoteWebDriver.findElement(RemoteWebDriver.java:319)
	at org.openqa.selenium.remote.RemoteWebDriver.findElementByXPath(RemoteWebDriver.java:421)
	at org.openqa.selenium.By$ByXPath.findElement(By.java:361)
	at org.openqa.selenium.remote.RemoteWebDriver.findElement(RemoteWebDriver.java:311)
	at org.openqa.selenium.support.pagefactory.DefaultElementLocator.findElement(DefaultElementLocator.java:69)
	at org.openqa.selenium.support.pagefactory.internal.LocatingElementHandler.invoke(LocatingElementHandler.java:38)
	at com.sun.proxy.$Proxy16.getText(Unknown Source)
	at Pages.HomePage.computercount(HomePage.java:87)
	at StepDefinition.CreateComputerSteps.theComputerCountIsNotIncreasedByOne(CreateComputerSteps.java:95)
	at ✽.Then The computer count is not increased by one(CreateComputer.feature:64)
</error>
  </testcase>
  <testcase classname="| Melbourne006 | 2012-12-12 | 2013-12-12 | RCA |" name="| Melbourne006 | 2012-12-12 | 2013-12-12 | RCA |" time="0.033">
    <error message="no such element: Unable to locate element: {&quot;method&quot;:&quot;xpath&quot;,&quot;selector&quot;:&quot;//h1[contains(text(),&apos;computers found&apos;)]&quot;}
  (Session info: chrome=71.0.3578.98)
  (Driver info: chromedriver=2.40.565498 (ea082db3280dd6843ebfb08a625e3eb905c4f5ab),platform=Windows NT 10.0.17134 x86_64) (WARNING: The server did not provide any stacktrace information)
Command duration or timeout: 0 milliseconds
For documentation on this error, please visit: http://seleniumhq.org/exceptions/no_such_element.html
Build info: version: &apos;3.11.0&apos;, revision: &apos;e59cfb3&apos;, time: &apos;2018-03-11T20:26:55.152Z&apos;
System info: host: &apos;HARISH&apos;, ip: &apos;192.168.1.6&apos;, os.name: &apos;Windows 10&apos;, os.arch: &apos;amd64&apos;, os.version: &apos;10.0&apos;, java.version: &apos;1.8.0_131&apos;
Driver info: org.openqa.selenium.chrome.ChromeDriver
Capabilities {acceptInsecureCerts: false, acceptSslCerts: false, applicationCacheEnabled: false, browserConnectionEnabled: false, browserName: chrome, chrome: {chromedriverVersion: 2.40.565498 (ea082db3280dd6..., userDataDir: C:\Users\Harish19\AppData\L...}, cssSelectorsEnabled: true, databaseEnabled: false, handlesAlerts: true, hasTouchScreen: false, javascriptEnabled: true, locationContextEnabled: true, mobileEmulationEnabled: false, nativeEvents: true, networkConnectionEnabled: false, pageLoadStrategy: normal, platform: XP, platformName: XP, rotatable: false, setWindowRect: true, takesHeapSnapshot: true, takesScreenshot: true, unexpectedAlertBehaviour: , unhandledPromptBehavior: , version: 71.0.3578.98, webStorageEnabled: true}
Session ID: 677f246234d8c94ee960107de718765d
*** Element info: {Using=xpath, value=//h1[contains(text(),&apos;computers found&apos;)]}" type="org.openqa.selenium.NoSuchElementException">org.openqa.selenium.NoSuchElementException: no such element: Unable to locate element: {&quot;method&quot;:&quot;xpath&quot;,&quot;selector&quot;:&quot;//h1[contains(text(),&apos;computers found&apos;)]&quot;}
  (Session info: chrome=71.0.3578.98)
  (Driver info: chromedriver=2.40.565498 (ea082db3280dd6843ebfb08a625e3eb905c4f5ab),platform=Windows NT 10.0.17134 x86_64) (WARNING: The server did not provide any stacktrace information)
Command duration or timeout: 0 milliseconds
For documentation on this error, please visit: http://seleniumhq.org/exceptions/no_such_element.html
Build info: version: &apos;3.11.0&apos;, revision: &apos;e59cfb3&apos;, time: &apos;2018-03-11T20:26:55.152Z&apos;
System info: host: &apos;HARISH&apos;, ip: &apos;192.168.1.6&apos;, os.name: &apos;Windows 10&apos;, os.arch: &apos;amd64&apos;, os.version: &apos;10.0&apos;, java.version: &apos;1.8.0_131&apos;
Driver info: org.openqa.selenium.chrome.ChromeDriver
Capabilities {acceptInsecureCerts: false, acceptSslCerts: false, applicationCacheEnabled: false, browserConnectionEnabled: false, browserName: chrome, chrome: {chromedriverVersion: 2.40.565498 (ea082db3280dd6..., userDataDir: C:\Users\Harish19\AppData\L...}, cssSelectorsEnabled: true, databaseEnabled: false, handlesAlerts: true, hasTouchScreen: false, javascriptEnabled: true, locationContextEnabled: true, mobileEmulationEnabled: false, nativeEvents: true, networkConnectionEnabled: false, pageLoadStrategy: normal, platform: XP, platformName: XP, rotatable: false, setWindowRect: true, takesHeapSnapshot: true, takesScreenshot: true, unexpectedAlertBehaviour: , unhandledPromptBehavior: , version: 71.0.3578.98, webStorageEnabled: true}
Session ID: 677f246234d8c94ee960107de718765d
*** Element info: {Using=xpath, value=//h1[contains(text(),&apos;computers found&apos;)]}
	at sun.reflect.NativeConstructorAccessorImpl.newInstance0(Native Method)
	at sun.reflect.NativeConstructorAccessorImpl.newInstance(NativeConstructorAccessorImpl.java:62)
	at sun.reflect.DelegatingConstructorAccessorImpl.newInstance(DelegatingConstructorAccessorImpl.java:45)
	at java.lang.reflect.Constructor.newInstance(Constructor.java:423)
	at org.openqa.selenium.remote.ErrorHandler.createThrowable(ErrorHandler.java:214)
	at org.openqa.selenium.remote.ErrorHandler.throwIfResponseFailed(ErrorHandler.java:166)
	at org.openqa.selenium.remote.http.JsonHttpResponseCodec.reconstructValue(JsonHttpResponseCodec.java:40)
	at org.openqa.selenium.remote.http.AbstractHttpResponseCodec.decode(AbstractHttpResponseCodec.java:80)
	at org.openqa.selenium.remote.http.AbstractHttpResponseCodec.decode(AbstractHttpResponseCodec.java:44)
	at org.openqa.selenium.remote.HttpCommandExecutor.execute(HttpCommandExecutor.java:158)
	at org.openqa.selenium.remote.service.DriverCommandExecutor.execute(DriverCommandExecutor.java:83)
	at org.openqa.selenium.remote.RemoteWebDriver.execute(RemoteWebDriver.java:545)
	at org.openqa.selenium.remote.RemoteWebDriver.findElement(RemoteWebDriver.java:319)
	at org.openqa.selenium.remote.RemoteWebDriver.findElementByXPath(RemoteWebDriver.java:421)
	at org.openqa.selenium.By$ByXPath.findElement(By.java:361)
	at org.openqa.selenium.remote.RemoteWebDriver.findElement(RemoteWebDriver.java:311)
	at org.openqa.selenium.support.pagefactory.DefaultElementLocator.findElement(DefaultElementLocator.java:69)
	at org.openqa.selenium.support.pagefactory.internal.LocatingElementHandler.invoke(LocatingElementHandler.java:38)
	at com.sun.proxy.$Proxy16.getText(Unknown Source)
	at Pages.HomePage.computercount(HomePage.java:87)
	at StepDefinition.CreateComputerSteps.theComputerCountIsNotIncreasedByOne(CreateComputerSteps.java:95)
	at ✽.Then The computer count is not increased by one(CreateComputer.feature:64)
</error>
  </testcase>
  <testcase classname="| Melbourne007 | 2012-12-12 | 2013-12-12 | RCA |" name="Given I load the home page" time="0"/>
  <testcase classname="| Melbourne007 | 2012-12-12 | 2013-12-12 | RCA |" name="And I note down the computer count" time="0"/>
  <testcase classname="| Melbourne007 | 2012-12-12 | 2013-12-12 | RCA |" name="And I click the create computer button" time="0"/>
  <testcase classname="| Melbourne007 | 2012-12-12 | 2013-12-12 | RCA |" name="And I enter the computer details Melbourne007,2012-12-12,2013-12-12,RCA" time="0"/>
  <testcase classname="| Melbourne007 | 2012-12-12 | 2013-12-12 | RCA |" name="And I click the cancel button" time="0"/>
  <testcase classname="| Melbourne007 | 2012-12-12 | 2013-12-12 | RCA |" name="And I enter the Melbourne007 in the filter text box" time="0"/>
  <testcase classname="| Melbourne007 | 2012-12-12 | 2013-12-12 | RCA |" name="And I click the filter button" time="0"/>
  <testcase classname="| Melbourne007 | 2012-12-12 | 2013-12-12 | RCA |" name="Then I verify no results are displayed" time="0"/>
  <testcase classname="| Melbourne007 | 2012-12-12 | 2013-12-12 | RCA |" name="| Melbourne007 | 2012-12-12 | 2013-12-12 | RCA |" time="1.911"/>
  <testcase classname="| Melbourne001 | 2012-12-12 | 2013-12-12 | RCA |" name="Given I load the home page" time="0.001"/>
  <testcase classname="| Melbourne001 | 2012-12-12 | 2013-12-12 | RCA |" name="And I note down the computer count" time="0"/>
  <testcase classname="| Melbourne001 | 2012-12-12 | 2013-12-12 | RCA |" name="And I click the create computer button" time="0"/>
  <testcase classname="| Melbourne001 | 2012-12-12 | 2013-12-12 | RCA |" name="And I enter the computer details Melbourne001,2012-12-12,2013-12-12,RCA" time="0"/>
  <testcase classname="| Melbourne001 | 2012-12-12 | 2013-12-12 | RCA |" name="And I click the create this computer button" time="0"/>
  <testcase classname="| Melbourne001 | 2012-12-12 | 2013-12-12 | RCA |" name="Then I verify success message for Melbourne001 is not displayed" time="0">
    <failure message="Success message should not be displayed" type="junit.framework.AssertionFailedError">junit.framework.AssertionFailedError: Success message should not be displayed
	at junit.framework.Assert.fail(Assert.java:57)
	at junit.framework.Assert.assertTrue(Assert.java:22)
	at junit.framework.TestCase.assertTrue(TestCase.java:192)
	at StepDefinition.CreateComputerSteps.iVerifyCreateComputerSuccessMessageIsNotDisplayed(CreateComputerSteps.java:67)
	at ✽.Then I verify success message for Melbourne001 is not displayed(CreateComputer.feature:86)
</failure>
  </testcase>
  <testcase classname="| Melbourne001 | 2012-12-12 | 2013-12-12 | RCA |" name="| Melbourne001 | 2012-12-12 | 2013-12-12 | RCA |" time="0.001">
    <failure message="Success message should not be displayed" type="junit.framework.AssertionFailedError">junit.framework.AssertionFailedError: Success message should not be displayed
	at junit.framework.Assert.fail(Assert.java:57)
	at junit.framework.Assert.assertTrue(Assert.java:22)
	at junit.framework.TestCase.assertTrue(TestCase.java:192)
	at StepDefinition.CreateComputerSteps.iVerifyCreateComputerSuccessMessageIsNotDisplayed(CreateComputerSteps.java:67)
	at ✽.Then I verify success message for Melbourne001 is not displayed(CreateComputer.feature:86)
</failure>
  </testcase>
  <testcase classname="| Melbourne009 | 2013-12-12 | 2013-12-12 | RCA |" name="Given I load the home page" time="0"/>
  <testcase classname="| Melbourne009 | 2013-12-12 | 2013-12-12 | RCA |" name="And I note down the computer count" time="0"/>
  <testcase classname="| Melbourne009 | 2013-12-12 | 2013-12-12 | RCA |" name="And I click the create computer button" time="0"/>
  <testcase classname="| Melbourne009 | 2013-12-12 | 2013-12-12 | RCA |" name="And I enter the computer details Melbourne009,2013-12-12,2013-12-12,RCA" time="0"/>
  <testcase classname="| Melbourne009 | 2013-12-12 | 2013-12-12 | RCA |" name="And I click the create this computer button" time="0"/>
  <testcase classname="| Melbourne009 | 2013-12-12 | 2013-12-12 | RCA |" name="Then I verify success message for Melbourne009 is not displayed" time="0.001">
    <failure message="Success message should not be displayed" type="junit.framework.AssertionFailedError">junit.framework.AssertionFailedError: Success message should not be displayed
	at junit.framework.Assert.fail(Assert.java:57)
	at junit.framework.Assert.assertTrue(Assert.java:22)
	at junit.framework.TestCase.assertTrue(TestCase.java:192)
	at StepDefinition.CreateComputerSteps.iVerifyCreateComputerSuccessMessageIsNotDisplayed(CreateComputerSteps.java:67)
	at ✽.Then I verify success message for Melbourne009 is not displayed(CreateComputer.feature:96)
</failure>
  </testcase>
  <testcase classname="| Melbourne009 | 2013-12-12 | 2013-12-12 | RCA |" name="| Melbourne009 | 2013-12-12 | 2013-12-12 | RCA |" time="0.001">
    <failure message="Success message should not be displayed" type="junit.framework.AssertionFailedError">junit.framework.AssertionFailedError: Success message should not be displayed
	at junit.framework.Assert.fail(Assert.java:57)
	at junit.framework.Assert.assertTrue(Assert.java:22)
	at junit.framework.TestCase.assertTrue(TestCase.java:192)
	at StepDefinition.CreateComputerSteps.iVerifyCreateComputerSuccessMessageIsNotDisplayed(CreateComputerSteps.java:67)
	at ✽.Then I verify success message for Melbourne009 is not displayed(CreateComputer.feature:96)
</failure>
  </testcase>
  <testcase classname="| Melbourne010 | 2012/12/12 | 2013-12-12 | RCA |" name="Given I load the home page" time="0"/>
  <testcase classname="| Melbourne010 | 2012/12/12 | 2013-12-12 | RCA |" name="And I note down the computer count" time="0"/>
  <testcase classname="| Melbourne010 | 2012/12/12 | 2013-12-12 | RCA |" name="And I click the create computer button" time="0"/>
  <testcase classname="| Melbourne010 | 2012/12/12 | 2013-12-12 | RCA |" name="And I enter the computer details Melbourne010,2012/12/12,2013-12-12,RCA" time="0"/>
  <testcase classname="| Melbourne010 | 2012/12/12 | 2013-12-12 | RCA |" name="And I click the create this computer button" time="0"/>
  <testcase classname="| Melbourne010 | 2012/12/12 | 2013-12-12 | RCA |" name="And I verify the introduced date field is highlighted in red" time="0"/>
  <testcase classname="| Melbourne010 | 2012/12/12 | 2013-12-12 | RCA |" name="| Melbourne010 | 2012/12/12 | 2013-12-12 | RCA |" time="1.585"/>
  <testcase classname="| Melbourne010 | 2012-12-12 | 2013/12/12 | RCA |" name="Given I load the home page" time="0"/>
  <testcase classname="| Melbourne010 | 2012-12-12 | 2013/12/12 | RCA |" name="And I note down the computer count" time="0"/>
  <testcase classname="| Melbourne010 | 2012-12-12 | 2013/12/12 | RCA |" name="And I click the create computer button" time="0"/>
  <testcase classname="| Melbourne010 | 2012-12-12 | 2013/12/12 | RCA |" name="And I enter the computer details Melbourne010,2012-12-12,2013/12/12,RCA" time="0"/>
  <testcase classname="| Melbourne010 | 2012-12-12 | 2013/12/12 | RCA |" name="And I click the create this computer button" time="0"/>
  <testcase classname="| Melbourne010 | 2012-12-12 | 2013/12/12 | RCA |" name="And I verify the discontinued date field is highlighted in red" time="0"/>
  <testcase classname="| Melbourne010 | 2012-12-12 | 2013/12/12 | RCA |" name="| Melbourne010 | 2012-12-12 | 2013/12/12 | RCA |" time="1.883"/>
</testsuite>